<?xml version="1.0" encoding="UTF-8"?>
<!-- Generated by org.testng.reporters.JUnitReportReporter -->
<testsuite hostname="BHLP-TU1-3751" failures="0" tests="1" name="Learn_to_automate.Demo_1.ecommerce" time="15.991" errors="0" timestamp="2023-09-11T17:53:01 IST" skipped="0">
  <testcase classname="Learn_to_automate.Demo_1.ecommerce" name="Search_product" time="15.991"/>
</testsuite> <!-- Learn_to_automate.Demo_1.ecommerce -->
